2023-07-05T18:14:28.788+03:00  INFO 26984 --- [main] c.c.c.ConfigServicePropertySourceLocator : Fetching config from server at : http://localhost:8888
2023-07-05T18:14:29.614+03:00  INFO 26984 --- [main] c.c.c.ConfigServicePropertySourceLocator : Located environment: name=core, profiles=[dev], label=null, version=fde456d2431e1f913d1aec15142d7c76348f0a6c, state=null
2023-07-05T18:14:29.616+03:00  INFO 26984 --- [main] b.c.PropertySourceBootstrapConfiguration : Located property source: [BootstrapPropertySource {name='bootstrapProperties-configClient'}, BootstrapPropertySource {name='bootstrapProperties-https://github.com/MaseDar/refook-config/core-dev.yml'}, BootstrapPropertySource {name='bootstrapProperties-https://github.com/MaseDar/refook-config/core.yml'}]
2023-07-05T18:14:29.644+03:00  INFO 26984 --- [main] ru.refook.core.CoreApplication           : The following 1 profile is active: "dev"
2023-07-05T18:14:30.693+03:00  INFO 26984 --- [main] .s.d.r.c.RepositoryConfigurationDelegate : Bootstrapping Spring Data JPA repositories in DEFAULT mode.
2023-07-05T18:14:30.938+03:00  INFO 26984 --- [main] .s.d.r.c.RepositoryConfigurationDelegate : Finished Spring Data repository scanning in 230 ms. Found 3 JPA repository interfaces.
2023-07-05T18:14:31.306+03:00  INFO 26984 --- [main] o.s.cloud.context.scope.GenericScope     : BeanFactory id=5c11975c-3474-3845-abac-d9a4f16077a2
2023-07-05T18:14:32.047+03:00  INFO 26984 --- [main] o.s.b.w.embedded.tomcat.TomcatWebServer  : Tomcat initialized with port(s): 8082 (http)
2023-07-05T18:14:32.062+03:00  INFO 26984 --- [main] o.apache.catalina.core.StandardService   : Starting service [Tomcat]
2023-07-05T18:14:32.063+03:00  INFO 26984 --- [main] o.apache.catalina.core.StandardEngine    : Starting Servlet engine: [Apache Tomcat/10.1.10]
2023-07-05T18:14:32.258+03:00  INFO 26984 --- [main] o.a.c.c.C.[Tomcat].[localhost].[/]       : Initializing Spring embedded WebApplicationContext
2023-07-05T18:14:32.262+03:00  INFO 26984 --- [main] w.s.c.ServletWebServerApplicationContext : Root WebApplicationContext: initialization completed in 2588 ms
2023-07-05T18:14:32.760+03:00  INFO 26984 --- [main] o.hibernate.jpa.internal.util.LogHelper  : HHH000204: Processing PersistenceUnitInfo [name: default]
2023-07-05T18:14:32.890+03:00  INFO 26984 --- [main] org.hibernate.Version                    : HHH000412: Hibernate ORM core version 6.2.5.Final
2023-07-05T18:14:32.907+03:00  INFO 26984 --- [main] org.hibernate.cfg.Environment            : HHH000406: Using bytecode reflection optimizer
2023-07-05T18:14:33.304+03:00  INFO 26984 --- [main] o.h.b.i.BytecodeProviderInitiator        : HHH000021: Bytecode provider name : bytebuddy
2023-07-05T18:14:33.528+03:00  INFO 26984 --- [main] o.s.o.j.p.SpringPersistenceUnitInfo      : No LoadTimeWeaver setup: ignoring JPA class transformer
2023-07-05T18:14:33.556+03:00  INFO 26984 --- [main] com.zaxxer.hikari.HikariDataSource       : HikariPool-1 - Starting...
2023-07-05T18:14:33.894+03:00  INFO 26984 --- [main] com.zaxxer.hikari.pool.HikariPool        : HikariPool-1 - Added connection org.postgresql.jdbc.PgConnection@6eaf030c
2023-07-05T18:14:33.897+03:00  INFO 26984 --- [main] com.zaxxer.hikari.HikariDataSource       : HikariPool-1 - Start completed.
2023-07-05T18:14:34.597+03:00  INFO 26984 --- [main] o.h.b.i.BytecodeProviderInitiator        : HHH000021: Bytecode provider name : bytebuddy
2023-07-05T18:14:37.282+03:00  INFO 26984 --- [main] o.h.e.t.j.p.i.JtaPlatformInitiator       : HHH000490: Using JtaPlatform implementation: [org.hibernate.engine.transaction.jta.platform.internal.NoJtaPlatform]
2023-07-05T18:14:38.199+03:00  INFO 26984 --- [main] j.LocalContainerEntityManagerFactoryBean : Initialized JPA EntityManagerFactory for persistence unit 'default'
2023-07-05T18:14:41.617+03:00  WARN 26984 --- [main] JpaBaseConfiguration$JpaWebConfiguration : spring.jpa.open-in-view is enabled by default. Therefore, database queries may be performed during view rendering. Explicitly configure spring.jpa.open-in-view to disable this warning
2023-07-05T18:14:44.583+03:00  WARN 26984 --- [main] .s.s.UserDetailsServiceAutoConfiguration : 

Using generated security password: 95d47dfc-1bd3-42e4-b873-717a41057639

This generated password is for development use only. Your security configuration must be updated before running your application in production.

2023-07-05T18:14:44.835+03:00  INFO 26984 --- [main] o.s.s.web.DefaultSecurityFilterChain     : Will secure any request with [org.springframework.security.web.session.DisableEncodeUrlFilter@1ed763aa, org.springframework.security.web.context.request.async.WebAsyncManagerIntegrationFilter@7f39bcb5, org.springframework.security.web.context.SecurityContextHolderFilter@4adb2b87, org.springframework.security.web.header.HeaderWriterFilter@40ff56f7, org.springframework.security.web.csrf.CsrfFilter@293dd4b3, org.springframework.security.web.authentication.logout.LogoutFilter@2d036335, org.springframework.security.web.authentication.UsernamePasswordAuthenticationFilter@1131fcfd, org.springframework.security.web.authentication.ui.DefaultLoginPageGeneratingFilter@221ef0f0, org.springframework.security.web.authentication.ui.DefaultLogoutPageGeneratingFilter@4e6881e, org.springframework.security.web.authentication.www.BasicAuthenticationFilter@7e93e396, org.springframework.security.web.savedrequest.RequestCacheAwareFilter@30dabb23, org.springframework.security.web.servletapi.SecurityContextHolderAwareRequestFilter@a422390, org.springframework.security.web.authentication.AnonymousAuthenticationFilter@25192b6e, org.springframework.security.web.access.ExceptionTranslationFilter@77fa2dcc, org.springframework.security.web.access.intercept.AuthorizationFilter@2c2dfde3]
2023-07-05T18:14:45.318+03:00  INFO 26984 --- [main] o.s.b.w.embedded.tomcat.TomcatWebServer  : Tomcat started on port(s): 8082 (http) with context path ''
2023-07-05T18:14:45.514+03:00  INFO 26984 --- [main] ru.refook.core.CoreApplication           : Started CoreApplication in 18.735 seconds (process running for 19.379)
